# JRE version: OpenJDK Runtime Environment (8.0_242-b01) (build 1.8.0_242-release-1644-b01)
# Java VM: OpenJDK 64-Bit Server VM (25.242-b01 mixed mode windows-amd64 compressed oops)
Heap:
 PSYoungGen      total 635904K, used 531348K [0x00000000d5580000, 0x00000000ffa00000, 0x0000000100000000)
  eden space 578560K, 86% used [0x00000000d5580000,0x00000000f3f836f8,0x00000000f8a80000)
  from space 57344K, 51% used [0x00000000fc200000,0x00000000fdee1be8,0x00000000ffa00000)
  to   space 56832K, 0% used [0x00000000f8a80000,0x00000000f8a80000,0x00000000fc200000)
 ParOldGen       total 340992K, used 266871K [0x0000000080000000, 0x0000000094d00000, 0x00000000d5580000)
  object space 340992K, 78% used [0x0000000080000000,0x000000009049dfd8,0x0000000094d00000)
 Metaspace       used 159078K, capacity 167612K, committed 168664K, reserved 1196032K
  class space    used 20107K, capacity 21726K, committed 22016K, reserved 1048576K
GC Heap History (10 events):
Event: 5322.695 GC heap before
{Heap before GC invocations=52 (full 6):
 PSYoungGen      total 620032K, used 573877K [0x00000000d5580000, 0x00000000ffb80000, 0x0000000100000000)
  eden space 550912K, 100% used [0x00000000d5580000,0x00000000f6f80000,0x00000000f6f80000)
  from space 69120K, 33% used [0x00000000f6f80000,0x00000000f85ed418,0x00000000fb300000)
  to   space 66048K, 0% used [0x00000000fbb00000,0x00000000fbb00000,0x00000000ffb80000)
 ParOldGen       total 340992K, used 212426K [0x0000000080000000, 0x0000000094d00000, 0x00000000d5580000)
  object space 340992K, 62% used [0x0000000080000000,0x000000008cf72b28,0x0000000094d00000)
 Metaspace       used 157318K, capacity 165810K, committed 167000K, reserved 1193984K
  class space    used 19965K, capacity 21557K, committed 21888K, reserved 1048576K
Event: 5322.807 GC heap after
Heap after GC invocations=52 (full 6):
 PSYoungGen      total 626176K, used 31095K [0x00000000d5580000, 0x00000000ff800000, 0x0000000100000000)
  eden space 563712K, 0% used [0x00000000d5580000,0x00000000d5580000,0x00000000f7c00000)
  from space 62464K, 49% used [0x00000000fbb00000,0x00000000fd95dd38,0x00000000ff800000)
  to   space 63488K, 0% used [0x00000000f7c00000,0x00000000f7c00000,0x00000000fba00000)
 ParOldGen       total 340992K, used 223601K [0x0000000080000000, 0x0000000094d00000, 0x00000000d5580000)
  object space 340992K, 65% used [0x0000000080000000,0x000000008da5c410,0x0000000094d00000)
 Metaspace       used 157318K, capacity 165810K, committed 167000K, reserved 1193984K
  class space    used 19965K, capacity 21557K, committed 21888K, reserved 1048576K
}
Event: 5326.311 GC heap before
{Heap before GC invocations=53 (full 6):
 PSYoungGen      total 626176K, used 594807K [0x00000000d5580000, 0x00000000ff800000, 0x0000000100000000)
  eden space 563712K, 100% used [0x00000000d5580000,0x00000000f7c00000,0x00000000f7c00000)
  from space 62464K, 49% used [0x00000000fbb00000,0x00000000fd95dd38,0x00000000ff800000)
  to   space 63488K, 0% used [0x00000000f7c00000,0x00000000f7c00000,0x00000000fba00000)
 ParOldGen       total 340992K, used 223601K [0x0000000080000000, 0x0000000094d00000, 0x00000000d5580000)
  object space 340992K, 65% used [0x0000000080000000,0x000000008da5c410,0x0000000094d00000)
 Metaspace       used 157358K, capacity 165814K, committed 167000K, reserved 1193984K
  class space    used 19966K, capacity 21557K, committed 21888K, reserved 1048576K
Event: 5326.456 GC heap after
Heap after GC invocations=53 (full 6):
 PSYoungGen      total 627200K, used 30672K [0x00000000d5580000, 0x00000000ffd00000, 0x0000000100000000)
  eden space 563712K, 0% used [0x00000000d5580000,0x00000000d5580000,0x00000000f7c00000)
  from space 63488K, 48% used [0x00000000f7c00000,0x00000000f99f4380,0x00000000fba00000)
  to   space 61440K, 0% used [0x00000000fc100000,0x00000000fc100000,0x00000000ffd00000)
 ParOldGen       total 340992K, used 236305K [0x0000000080000000, 0x0000000094d00000, 0x00000000d5580000)
  object space 340992K, 69% used [0x0000000080000000,0x000000008e6c46a8,0x0000000094d00000)
 Metaspace       used 157358K, capacity 165814K, committed 167000K, reserved 1193984K
  class space    used 19966K, capacity 21557K, committed 21888K, reserved 1048576K
}
Event: 5328.872 GC heap before
{Heap before GC invocations=54 (full 6):
 PSYoungGen      total 627200K, used 594384K [0x00000000d5580000, 0x00000000ffd00000, 0x0000000100000000)
  eden space 563712K, 100% used [0x00000000d5580000,0x00000000f7c00000,0x00000000f7c00000)
  from space 63488K, 48% used [0x00000000f7c00000,0x00000000f99f4380,0x00000000fba00000)
  to   space 61440K, 0% used [0x00000000fc100000,0x00000000fc100000,0x00000000ffd00000)
 ParOldGen       total 340992K, used 236305K [0x0000000080000000, 0x0000000094d00000, 0x00000000d5580000)
  object space 340992K, 69% used [0x0000000080000000,0x000000008e6c46a8,0x0000000094d00000)
 Metaspace       used 157365K, capacity 165814K, committed 167000K, reserved 1193984K
  class space    used 19966K, capacity 21557K, committed 21888K, reserved 1048576K
Event: 5328.914 GC heap after
Heap after GC invocations=54 (full 6):
 PSYoungGen      total 634880K, used 8259K [0x00000000d5580000, 0x00000000ffd00000, 0x0000000100000000)
  eden space 573440K, 0% used [0x00000000d5580000,0x00000000d5580000,0x00000000f8580000)
  from space 61440K, 13% used [0x00000000fc100000,0x00000000fc910fe8,0x00000000ffd00000)
  to   space 60928K, 0% used [0x00000000f8580000,0x00000000f8580000,0x00000000fc100000)
 ParOldGen       total 340992K, used 253219K [0x0000000080000000, 0x0000000094d00000, 0x00000000d5580000)
  object space 340992K, 74% used [0x0000000080000000,0x000000008f748c38,0x0000000094d00000)
 Metaspace       used 157365K, capacity 165814K, committed 167000K, reserved 1193984K
  class space    used 19966K, capacity 21557K, committed 21888K, reserved 1048576K
}
Event: 5333.000 GC heap before
{Heap before GC invocations=55 (full 6):
 PSYoungGen      total 634880K, used 581699K [0x00000000d5580000, 0x00000000ffd00000, 0x0000000100000000)
  eden space 573440K, 100% used [0x00000000d5580000,0x00000000f8580000,0x00000000f8580000)
  from space 61440K, 13% used [0x00000000fc100000,0x00000000fc910fe8,0x00000000ffd00000)
  to   space 60928K, 0% used [0x00000000f8580000,0x00000000f8580000,0x00000000fc100000)
 ParOldGen       total 340992K, used 253219K [0x0000000080000000, 0x0000000094d00000, 0x00000000d5580000)
  object space 340992K, 74% used [0x0000000080000000,0x000000008f748c38,0x0000000094d00000)
 Metaspace       used 157390K, capacity 165822K, committed 167000K, reserved 1193984K
  class space    used 19966K, capacity 21557K, committed 21888K, reserved 1048576K
Event: 5333.116 GC heap after
Heap after GC invocations=55 (full 6):
 PSYoungGen      total 634368K, used 28999K [0x00000000d5580000, 0x00000000ffb80000, 0x0000000100000000)
  eden space 573440K, 0% used [0x00000000d5580000,0x00000000d5580000,0x00000000f8580000)
  from space 60928K, 47% used [0x00000000f8580000,0x00000000fa1d1c38,0x00000000fc100000)
  to   space 58880K, 0% used [0x00000000fc200000,0x00000000fc200000,0x00000000ffb80000)
 ParOldGen       total 340992K, used 258157K [0x0000000080000000, 0x0000000094d00000, 0x00000000d5580000)
  object space 340992K, 75% used [0x0000000080000000,0x000000008fc1b400,0x0000000094d00000)
 Metaspace       used 157390K, capacity 165822K, committed 167000K, reserved 1193984K
  class space    used 19966K, capacity 21557K, committed 21888K, reserved 1048576K
}
Event: 5337.805 GC heap before
{Heap before GC invocations=56 (full 6):
 PSYoungGen      total 634368K, used 602439K [0x00000000d5580000, 0x00000000ffb80000, 0x0000000100000000)
  eden space 573440K, 100% used [0x00000000d5580000,0x00000000f8580000,0x00000000f8580000)
  from space 60928K, 47% used [0x00000000f8580000,0x00000000fa1d1c38,0x00000000fc100000)
  to   space 58880K, 0% used [0x00000000fc200000,0x00000000fc200000,0x00000000ffb80000)
 ParOldGen       total 340992K, used 258157K [0x0000000080000000, 0x0000000094d00000, 0x00000000d5580000)
  object space 340992K, 75% used [0x0000000080000000,0x000000008fc1b400,0x0000000094d00000)
 Metaspace       used 157625K, capacity 166136K, committed 167256K, reserved 1193984K
  class space    used 19993K, capacity 21594K, committed 21888K, reserved 1048576K
Event: 5337.879 GC heap after
Heap after GC invocations=56 (full 6):
 PSYoungGen      total 635904K, used 29574K [0x00000000d5580000, 0x00000000ffa00000, 0x0000000100000000)
  eden space 578560K, 0% used [0x00000000d5580000,0x00000000d5580000,0x00000000f8a80000)
  from space 57344K, 51% used [0x00000000fc200000,0x00000000fdee1be8,0x00000000ffa00000)
  to   space 56832K, 0% used [0x00000000f8a80000,0x00000000f8a80000,0x00000000fc200000)
 ParOldGen       total 340992K, used 266871K [0x0000000080000000, 0x0000000094d00000, 0x00000000d5580000)
  object space 340992K, 78% used [0x0000000080000000,0x000000009049dfd8,0x0000000094d00000)
 Metaspace       used 157625K, capacity 166136K, committed 167256K, reserved 1193984K
  class space    used 19993K, capacity 21594K, committed 21888K, reserved 1048576K
}

